<?xml version="1.0" encoding="UTF-8" ?>
<testsuite errors="0" failures="0" hostname="TARIK" name="net.sourceforge.cruisecontrol.sampleproject.connectfour.PlayingStandTest" skipped="0" tests="10" time="0.031" timestamp="2016-04-19T11:02:35">
  <properties>
    <property name="ant.project.invoked-targets" value="all" />
    <property name="java.runtime.name" value="Java(TM) SE Runtime Environment" />
    <property name="sun.boot.library.path" value="C:\Users\Tarik\Desktop\GIPP2015EclipseLuna - HMIS\JDKS\jdk1.8.0_31\jre\bin" />
    <property name="java.vm.version" value="25.31-b07" />
    <property name="ant.library.dir" value="C:\Users\Tarik\Desktop\GIPP2015EclipseLuna - HMIS\plugins\org.apache.ant_1.9.2.v201404171502\lib" />
    <property name="ant.version" value="Apache Ant(TM) version 1.9.2 compiled on July 8 2013" />
    <property name="ant.java.version" value="1.8" />
    <property name="java.vm.vendor" value="Oracle Corporation" />
    <property name="java.vendor.url" value="http://java.oracle.com/" />
    <property name="path.separator" value=";" />
    <property name="java.vm.name" value="Java HotSpot(TM) Client VM" />
    <property name="file.encoding.pkg" value="sun.io" />
    <property name="user.script" value="" />
    <property name="user.country" value="ES" />
    <property name="sun.java.launcher" value="SUN_STANDARD" />
    <property name="sun.os.patch.level" value="" />
    <property name="java.vm.specification.name" value="Java Virtual Machine Specification" />
    <property name="user.dir" value="C:\Users\Tarik\git\connect-four" />
    <property name="java.runtime.version" value="1.8.0_31-b13" />
    <property name="java.awt.graphicsenv" value="sun.awt.Win32GraphicsEnvironment" />
    <property name="eclipse.pdebuild.scripts" value="/C:/Users/Tarik/Desktop/GIPP2015EclipseLuna - HMIS/plugins/org.eclipse.pde.build_3.9.0.v20140415-2029/scripts/" />
    <property name="basedir" value="C:\Users\Tarik\git\connect-four" />
    <property name="java.endorsed.dirs" value="C:\Users\Tarik\Desktop\GIPP2015EclipseLuna - HMIS\JDKS\jdk1.8.0_31\jre\lib\endorsed" />
    <property name="os.arch" value="x86" />
    <property name="ant.project.default-target" value="all" />
    <property name="java.io.tmpdir" value="C:\Users\Tarik\AppData\Local\Temp\" />
    <property name="ant.core.lib" value="C:\Users\Tarik\Desktop\GIPP2015EclipseLuna - HMIS\plugins\org.apache.ant_1.9.2.v201404171502\lib\ant.jar" />
    <property name="line.separator" value="&#xd;&#xa;" />
    <property name="java.vm.specification.vendor" value="Oracle Corporation" />
    <property name="user.variant" value="" />
    <property name="os.name" value="Windows 8.1" />
    <property name="ant.file.connectfour" value="C:\Users\Tarik\git\connect-four\build.xml" />
    <property name="ant.home" value="C:\Users\Tarik\Desktop\GIPP2015EclipseLuna - HMIS\plugins\org.apache.ant_1.9.2.v201404171502" />
    <property name="eclipse.pdebuild.templates" value="/C:/Users/Tarik/Desktop/GIPP2015EclipseLuna - HMIS/plugins/org.eclipse.pde.build_3.9.0.v20140415-2029/templates/" />
    <property name="ant.project.name" value="connectfour" />
    <property name="sun.jnu.encoding" value="Cp1252" />
    <property name="java.library.path" value="C:\Users\Tarik\Desktop\GIPP2015EclipseLuna - HMIS\JDKS\jdk1.8.0_31\jre\bin;C:\Windows\Sun\Java\bin;C:\Windows\system32;C:\Windows;C:\ProgramData\Oracle\Java\javapath;C:\Windows\system32;C:\Windows;C:\Windows\System32\Wbem;C:\Windows\System32\WindowsPowerShell\v1.0\;C:\Program Files (x86)\GtkSharp\2.12\bin;C:\Program Files (x86)\Windows Kits\8.1\Windows Performance Toolkit\;C:\Program Files\Microsoft SQL Server\110\Tools\Binn\;C:\Windows\system32\config\systemprofile\.dnx\bin;C:\Program Files\Microsoft DNX\Dnvm\;C:\Program Files\Microsoft SQL Server\120\Tools\Binn\;C:\Program Files\Microsoft SQL Server\Client SDK\ODBC\110\Tools\Binn\;C:\Program Files (x86)\Microsoft SQL Server\120\Tools\Binn\ManagementStudio\;C:\Program Files (x86)\Microsoft SQL Server\120\Tools\Binn\;C:\Program Files (x86)\Microsoft SQL Server\120\DTS\Binn\;C:\Program Files\Microsoft SQL Server\120\DTS\Binn\;.;C:\Users\Tarik\Desktop\GIPP2015EclipseLuna - HMIS\configuration\org.eclipse.osgi\587\0\.cp" />
    <property name="eclipse.pdebuild.home" value="/C:/Users/Tarik/Desktop/GIPP2015EclipseLuna - HMIS/plugins/org.eclipse.pde.build_3.9.0.v20140415-2029/./" />
    <property name="ant.file.type.connectfour" value="file" />
    <property name="java.class.version" value="52.0" />
    <property name="java.specification.name" value="Java Platform API Specification" />
    <property name="sun.management.compiler" value="HotSpot Client Compiler" />
    <property name="os.version" value="6.3" />
    <property name="ant.file" value="C:\Users\Tarik\git\connect-four\build.xml" />
    <property name="user.home" value="C:\Users\Tarik" />
    <property name="user.timezone" value="Europe/Paris" />
    <property name="java.awt.printerjob" value="sun.awt.windows.WPrinterJob" />
    <property name="java.specification.version" value="1.8" />
    <property name="file.encoding" value="UTF-8" />
    <property name="user.name" value="Tarik" />
    <property name="java.class.path" value="C:\Users\Tarik\Desktop\GIPP2015EclipseLuna - HMIS\plugins\org.apache.ant_1.9.2.v201404171502\lib\ant-antlr.jar;C:\Users\Tarik\Desktop\GIPP2015EclipseLuna - HMIS\plugins\org.apache.ant_1.9.2.v201404171502\lib\ant-apache-bcel.jar;C:\Users\Tarik\Desktop\GIPP2015EclipseLuna - HMIS\plugins\org.apache.ant_1.9.2.v201404171502\lib\ant-apache-bsf.jar;C:\Users\Tarik\Desktop\GIPP2015EclipseLuna - HMIS\plugins\org.apache.ant_1.9.2.v201404171502\lib\ant-apache-log4j.jar;C:\Users\Tarik\Desktop\GIPP2015EclipseLuna - HMIS\plugins\org.apache.ant_1.9.2.v201404171502\lib\ant-apache-oro.jar;C:\Users\Tarik\Desktop\GIPP2015EclipseLuna - HMIS\plugins\org.apache.ant_1.9.2.v201404171502\lib\ant-apache-regexp.jar;C:\Users\Tarik\Desktop\GIPP2015EclipseLuna - HMIS\plugins\org.apache.ant_1.9.2.v201404171502\lib\ant-apache-resolver.jar;C:\Users\Tarik\Desktop\GIPP2015EclipseLuna - HMIS\plugins\org.apache.ant_1.9.2.v201404171502\lib\ant-apache-xalan2.jar;C:\Users\Tarik\Desktop\GIPP2015EclipseLuna - HMIS\plugins\org.apache.ant_1.9.2.v201404171502\lib\ant-commons-logging.jar;C:\Users\Tarik\Desktop\GIPP2015EclipseLuna - HMIS\plugins\org.apache.ant_1.9.2.v201404171502\lib\ant-commons-net.jar;C:\Users\Tarik\Desktop\GIPP2015EclipseLuna - HMIS\plugins\org.apache.ant_1.9.2.v201404171502\lib\ant-jai.jar;C:\Users\Tarik\Desktop\GIPP2015EclipseLuna - HMIS\plugins\org.apache.ant_1.9.2.v201404171502\lib\ant-javamail.jar;C:\Users\Tarik\Desktop\GIPP2015EclipseLuna - HMIS\plugins\org.apache.ant_1.9.2.v201404171502\lib\ant-jdepend.jar;C:\Users\Tarik\Desktop\GIPP2015EclipseLuna - HMIS\plugins\org.apache.ant_1.9.2.v201404171502\lib\ant-jmf.jar;C:\Users\Tarik\Desktop\GIPP2015EclipseLuna - HMIS\plugins\org.apache.ant_1.9.2.v201404171502\lib\ant-jsch.jar;C:\Users\Tarik\Desktop\GIPP2015EclipseLuna - HMIS\plugins\org.apache.ant_1.9.2.v201404171502\lib\ant-junit.jar;C:\Users\Tarik\Desktop\GIPP2015EclipseLuna - HMIS\plugins\org.apache.ant_1.9.2.v201404171502\lib\ant-junit4.jar;C:\Users\Tarik\Desktop\GIPP2015EclipseLuna - HMIS\plugins\org.apache.ant_1.9.2.v201404171502\lib\ant-launcher.jar;C:\Users\Tarik\Desktop\GIPP2015EclipseLuna - HMIS\plugins\org.apache.ant_1.9.2.v201404171502\lib\ant-netrexx.jar;C:\Users\Tarik\Desktop\GIPP2015EclipseLuna - HMIS\plugins\org.apache.ant_1.9.2.v201404171502\lib\ant-swing.jar;C:\Users\Tarik\Desktop\GIPP2015EclipseLuna - HMIS\plugins\org.apache.ant_1.9.2.v201404171502\lib\ant-testutil.jar;C:\Users\Tarik\Desktop\GIPP2015EclipseLuna - HMIS\plugins\org.apache.ant_1.9.2.v201404171502\lib\ant.jar;C:\Users\Tarik\Desktop\GIPP2015EclipseLuna - HMIS\configuration\org.eclipse.osgi\56\0\.cp\lib\antdebug.jar;C:\Users\Tarik\Desktop\GIPP2015EclipseLuna - HMIS\configuration\org.eclipse.osgi\56\0\.cp\lib\remote.jar;C:\Users\Tarik\Desktop\GIPP2015EclipseLuna - HMIS\configuration\org.eclipse.osgi\57\0\.cp\lib\remoteAnt.jar;C:\Users\Tarik\Desktop\GIPP2015EclipseLuna - HMIS\JDKS\jdk1.8.0_31\lib\tools.jar;C:\Users\Tarik\Desktop\GIPP2015EclipseLuna - HMIS\plugins\org.eclipse.swt.win32.win32.x86_3.103.2.v20150203-1351.jar" />
    <property name="java.vm.specification.version" value="1.8" />
    <property name="sun.java.command" value="org.eclipse.ant.internal.launching.remote.InternalAntRunner -Dorg.eclipse.ant.core.ANT_PROCESS_ID=1461063752290 -Declipse.connect.port=56513 -Declipse.pdebuild.home=/C:/Users/Tarik/Desktop/GIPP2015EclipseLuna - HMIS/plugins/org.eclipse.pde.build_3.9.0.v20140415-2029/./ -Declipse.pdebuild.scripts=/C:/Users/Tarik/Desktop/GIPP2015EclipseLuna - HMIS/plugins/org.eclipse.pde.build_3.9.0.v20140415-2029/scripts/ -Declipse.pdebuild.templates=/C:/Users/Tarik/Desktop/GIPP2015EclipseLuna - HMIS/plugins/org.eclipse.pde.build_3.9.0.v20140415-2029/templates/ -Dant.home=C:\Users\Tarik\Desktop\GIPP2015EclipseLuna - HMIS\plugins\org.apache.ant_1.9.2.v201404171502 -logger org.eclipse.ant.internal.launching.remote.logger.RemoteAntBuildLogger -inputhandler org.eclipse.ant.internal.ui.antsupport.inputhandler.ProxyInputHandler -buildfile C:\Users\Tarik\git\connect-four\build.xml" />
    <property name="sun.arch.data.model" value="32" />
    <property name="java.home" value="C:\Users\Tarik\Desktop\GIPP2015EclipseLuna - HMIS\JDKS\jdk1.8.0_31\jre" />
    <property name="java.specification.vendor" value="Oracle Corporation" />
    <property name="user.language" value="es" />
    <property name="awt.toolkit" value="sun.awt.windows.WToolkit" />
    <property name="java.vm.info" value="mixed mode" />
    <property name="java.version" value="1.8.0_31" />
    <property name="java.ext.dirs" value="C:\Users\Tarik\Desktop\GIPP2015EclipseLuna - HMIS\JDKS\jdk1.8.0_31\jre\lib\ext;C:\Windows\Sun\Java\lib\ext" />
    <property name="sun.boot.class.path" value="C:\Users\Tarik\Desktop\GIPP2015EclipseLuna - HMIS\JDKS\jdk1.8.0_31\jre\lib\resources.jar;C:\Users\Tarik\Desktop\GIPP2015EclipseLuna - HMIS\JDKS\jdk1.8.0_31\jre\lib\rt.jar;C:\Users\Tarik\Desktop\GIPP2015EclipseLuna - HMIS\JDKS\jdk1.8.0_31\jre\lib\sunrsasign.jar;C:\Users\Tarik\Desktop\GIPP2015EclipseLuna - HMIS\JDKS\jdk1.8.0_31\jre\lib\jsse.jar;C:\Users\Tarik\Desktop\GIPP2015EclipseLuna - HMIS\JDKS\jdk1.8.0_31\jre\lib\jce.jar;C:\Users\Tarik\Desktop\GIPP2015EclipseLuna - HMIS\JDKS\jdk1.8.0_31\jre\lib\charsets.jar;C:\Users\Tarik\Desktop\GIPP2015EclipseLuna - HMIS\JDKS\jdk1.8.0_31\jre\lib\jfr.jar;C:\Users\Tarik\Desktop\GIPP2015EclipseLuna - HMIS\JDKS\jdk1.8.0_31\jre\classes" />
    <property name="java.vendor" value="Oracle Corporation" />
    <property name="file.separator" value="\" />
    <property name="java.vendor.url.bug" value="http://bugreport.sun.com/bugreport/" />
    <property name="sun.cpu.endian" value="little" />
    <property name="sun.io.unicode.encoding" value="UnicodeLittle" />
    <property name="sun.desktop" value="windows" />
    <property name="sun.cpu.isalist" value="pentium_pro+mmx pentium_pro pentium+mmx pentium i486 i386 i86" />
  </properties>
  <testcase classname="net.sourceforge.cruisecontrol.sampleproject.connectfour.PlayingStandTest" name="testFourConnectedHorizontally" time="0.0" />
  <testcase classname="net.sourceforge.cruisecontrol.sampleproject.connectfour.PlayingStandTest" name="testFourConnectedDiagonally" time="0.0" />
  <testcase classname="net.sourceforge.cruisecontrol.sampleproject.connectfour.PlayingStandTest" name="testFourConnected" time="0.0" />
  <testcase classname="net.sourceforge.cruisecontrol.sampleproject.connectfour.PlayingStandTest" name="testStandControlsTurns" time="0.0" />
  <testcase classname="net.sourceforge.cruisecontrol.sampleproject.connectfour.PlayingStandTest" name="testNonExistentColumn" time="0.0" />
  <testcase classname="net.sourceforge.cruisecontrol.sampleproject.connectfour.PlayingStandTest" name="testDownwardDiagonalWins" time="0.0" />
  <testcase classname="net.sourceforge.cruisecontrol.sampleproject.connectfour.PlayingStandTest" name="testWinningPlacement" time="0.0" />
  <testcase classname="net.sourceforge.cruisecontrol.sampleproject.connectfour.PlayingStandTest" name="testNoWinningPlacementBeforeGameOver" time="0.016" />
  <testcase classname="net.sourceforge.cruisecontrol.sampleproject.connectfour.PlayingStandTest" name="testFullColumn" time="0.0" />
  <testcase classname="net.sourceforge.cruisecontrol.sampleproject.connectfour.PlayingStandTest" name="testNoWinner" time="0.015" />
  <system-out><![CDATA[]]></system-out>
  <system-err><![CDATA[]]></system-err>
</testsuite>
